2024-06-12 17:08:15 DEBUG TelegramBot:31 - о ноу это помидорченко даниил
2024-06-12 17:21:39 DEBUG TelegramBot:34 - DDDD
2024-06-13 18:42:53 DEBUG UpdateProducerImpl:14 - Hello
2024-06-13 18:43:23 ERROR UpdateController:38 - Unsupported message type is received: Update(updateId=144790713, message=null, inlineQuery=null, chosenInlineQuery=null, callbackQuery=null, editedMessage=Message(messageId=9, from=User(id=634743300, firstName=Sergey♨️, isBot=false, lastName=null, userName=disbeliefff, languageCode=ru, canJoinGroups=null, canReadAllGroupMessages=null, supportInlineQueries=null, isPremium=null, addedToAttachmentMenu=null), date=1718293372, chat=Chat(id=634743300, type=private, title=null, firstName=Sergey♨️, lastName=null, userName=disbeliefff, photo=null, description=null, inviteLink=null, pinnedMessage=null, stickerSetName=null, canSetStickerSet=null, permissions=null, slowModeDelay=null, bio=null, linkedChatId=null, location=null, messageAutoDeleteTime=null, hasPrivateForwards=null, HasProtectedContent=null, joinToSendMessages=null, joinByRequest=null), forwardFrom=null, forwardFromChat=null, forwardDate=null, text=Hello2, entities=null, captionEntities=null, audio=null, document=null, photo=null, sticker=null, video=null, contact=null, location=null, venue=null, animation=null, pinnedMessage=null, newChatMembers=[], leftChatMember=null, newChatTitle=null, newChatPhoto=null, deleteChatPhoto=null, groupchatCreated=null, replyToMessage=null, voice=null, caption=null, superGroupCreated=null, channelChatCreated=null, migrateToChatId=null, migrateFromChatId=null, editDate=1718293403, game=null, forwardFromMessageId=null, invoice=null, successfulPayment=null, videoNote=null, authorSignature=null, forwardSignature=null, mediaGroupId=null, connectedWebsite=null, passportData=null, forwardSenderName=null, poll=null, replyMarkup=null, dice=null, viaBot=null, senderChat=null, proximityAlertTriggered=null, messageAutoDeleteTimerChanged=null, isAutomaticForward=null, hasProtectedContent=null, webAppData=null, videoChatStarted=null, videoChatEnded=null, videoChatParticipantsInvited=null, videoChatScheduled=null), channelPost=null, editedChannelPost=null, shippingQuery=null, preCheckoutQuery=null, poll=null, pollAnswer=null, myChatMember=null, chatMember=null, chatJoinRequest=null)
2024-06-13 18:44:53 DEBUG UpdateProducerImpl:14 - 
2024-06-13 18:45:20 DEBUG UpdateProducerImpl:14 - 
2024-06-13 19:12:46 DEBUG UpdateProducerImpl:20 - Hi
2024-06-13 19:12:46 DEBUG UpdateProducerImpl:20 - ew
2024-06-13 19:13:04 DEBUG UpdateProducerImpl:20 - ВВВ
2024-06-13 19:39:27 DEBUG ConsumerServiceImpl:26 - NODE: Text message is received
2024-06-13 19:39:27 DEBUG ConsumerServiceImpl:26 - NODE: Text message is received
2024-06-13 19:39:27 DEBUG ConsumerServiceImpl:26 - NODE: Text message is received
2024-06-13 19:40:04 DEBUG ConsumerServiceImpl:26 - NODE: Text message is received
2024-06-13 20:14:09 DEBUG ConsumerServiceImpl:27 - NODE: Text message is received
2024-06-13 20:15:21 DEBUG ConsumerServiceImpl:27 - NODE: Text message is received
2024-06-13 20:55:13 DEBUG ConsumerServiceImpl:27 - NODE: Text message is received
2024-06-13 21:30:07 DEBUG ConsumerServiceImpl:27 - NODE: Text message is received
2024-06-13 21:30:18 DEBUG ConsumerServiceImpl:27 - NODE: Text message is received
2024-06-13 21:30:29 DEBUG ConsumerServiceImpl:27 - NODE: Text message is received
2024-06-13 21:30:31 DEBUG ConsumerServiceImpl:27 - NODE: Text message is received
2024-06-13 21:30:39 DEBUG ConsumerServiceImpl:27 - NODE: Text message is received
2024-06-13 21:31:06 DEBUG ConsumerServiceImpl:34 - NODE: Document is received
